<?xml version="1.0" encoding="UTF-8"?>
<!-- Generated by org.testng.reporters.JUnitXMLReporter -->
<testsuite hostname="aulae205-21" ignored="0" name="Default test" tests="10" failures="0" timestamp="16 ago 2017 02:26:40 GMT" time="0.057" errors="0">
  <testcase name="debeDividirCorrectamente" time="0.012" classname="co.unbosque.isii.calculadora_pruebas.NewTest"/>
  <testcase name="debeMultiplicarCorrectamente" time="0.002" classname="co.unbosque.isii.calculadora_pruebas.NewTest"/>
  <testcase name="debeRestarCorrectamente" time="0.001" classname="co.unbosque.isii.calculadora_pruebas.NewTest"/>
  <testcase name="debeSumarCorrectamente" time="0.001" classname="co.unbosque.isii.calculadora_pruebas.NewTest"/>
  <testcase name="laOperacionDivisionExiste" time="0.001" classname="co.unbosque.isii.calculadora_pruebas.NewTest"/>
  <testcase name="laOperacionMultiplicacionExiste" time="0.001" classname="co.unbosque.isii.calculadora_pruebas.NewTest"/>
  <testcase name="laOperacionRestaExiste" time="0.0" classname="co.unbosque.isii.calculadora_pruebas.NewTest"/>
  <testcase name="laOperacionSumaExiste" time="0.0" classname="co.unbosque.isii.calculadora_pruebas.NewTest"/>
  <testcase name="laSeparacionDeNumerosExiste" time="0.001" classname="co.unbosque.isii.calculadora_pruebas.NewTest"/>
  <testcase name="laSeparacionDeOperadoresExiste" time="0.002" classname="co.unbosque.isii.calculadora_pruebas.NewTest"/>
</testsuite> <!-- Default test -->
